File: D:\Daily use software\快捷栏位置\桌面\Code-defect-detection-Style-determination\test\test-problem.py

check_compatibility:
D:\Daily use software\快捷栏位置\桌面\Code-defect-detection-Style-determination\test\test-problem.py:18:1: E302 expected 2 blank lines, found 0
D:\Daily use software\快捷栏位置\桌面\Code-defect-detection-Style-determination\test\test-problem.py:26:1: E302 expected 2 blank lines, found 0
D:\Daily use software\快捷栏位置\桌面\Code-defect-detection-Style-determination\test\test-problem.py:36:1: E302 expected 2 blank lines, found 0
D:\Daily use software\快捷栏位置\桌面\Code-defect-detection-Style-determination\test\test-problem.py:52:1: E302 expected 2 blank lines, found 0
D:\Daily use software\快捷栏位置\桌面\Code-defect-detection-Style-determination\test\test-problem.py:57:1: E302 expected 2 blank lines, found 0
D:\Daily use software\快捷栏位置\桌面\Code-defect-detection-Style-determination\test\test-problem.py:65:1: E302 expected 2 blank lines, found 0
D:\Daily use software\快捷栏位置\桌面\Code-defect-detection-Style-determination\test\test-problem.py:77:1: E303 too many blank lines (3)
D:\Daily use software\快捷栏位置\桌面\Code-defect-detection-Style-determination\test\test-problem.py:78:1: E302 expected 2 blank lines, found 3
D:\Daily use software\快捷栏位置\桌面\Code-defect-detection-Style-determination\test\test-problem.py:81:76: E231 missing whitespace after ','
D:\Daily use software\快捷栏位置\桌面\Code-defect-detection-Style-determination\test\test-problem.py:81:112: E241 multiple spaces after ','
D:\Daily use software\快捷栏位置\桌面\Code-defect-detection-Style-determination\test\test-problem.py:81:131: E241 multiple spaces after ','
D:\Daily use software\快捷栏位置\桌面\Code-defect-detection-Style-determination\test\test-problem.py:116:1: E302 expected 2 blank lines, found 0
D:\Daily use software\快捷栏位置\桌面\Code-defect-detection-Style-determination\test\test-problem.py:148:1: E305 expected 2 blank lines after class or function definition, found 1
D:\Daily use software\快捷栏位置\桌面\Code-defect-detection-Style-determination\test\test-problem.py:149:11: W292 no newline at end of file
=====

check_logic:
D:\Daily use software\快捷栏位置\桌面\Code-defect-detection-Style-determination\test\test-problem.py:18:1: E302 expected 2 blank lines, found 0
D:\Daily use software\快捷栏位置\桌面\Code-defect-detection-Style-determination\test\test-problem.py:26:1: E302 expected 2 blank lines, found 0
D:\Daily use software\快捷栏位置\桌面\Code-defect-detection-Style-determination\test\test-problem.py:36:1: E302 expected 2 blank lines, found 0
D:\Daily use software\快捷栏位置\桌面\Code-defect-detection-Style-determination\test\test-problem.py:52:1: E302 expected 2 blank lines, found 0
D:\Daily use software\快捷栏位置\桌面\Code-defect-detection-Style-determination\test\test-problem.py:57:1: E302 expected 2 blank lines, found 0
D:\Daily use software\快捷栏位置\桌面\Code-defect-detection-Style-determination\test\test-problem.py:65:1: E302 expected 2 blank lines, found 0
D:\Daily use software\快捷栏位置\桌面\Code-defect-detection-Style-determination\test\test-problem.py:77:1: E303 too many blank lines (3)
D:\Daily use software\快捷栏位置\桌面\Code-defect-detection-Style-determination\test\test-problem.py:78:1: E302 expected 2 blank lines, found 3
D:\Daily use software\快捷栏位置\桌面\Code-defect-detection-Style-determination\test\test-problem.py:81:76: E231 missing whitespace after ','
D:\Daily use software\快捷栏位置\桌面\Code-defect-detection-Style-determination\test\test-problem.py:81:112: E241 multiple spaces after ','
D:\Daily use software\快捷栏位置\桌面\Code-defect-detection-Style-determination\test\test-problem.py:81:131: E241 multiple spaces after ','
D:\Daily use software\快捷栏位置\桌面\Code-defect-detection-Style-determination\test\test-problem.py:116:1: E302 expected 2 blank lines, found 0
D:\Daily use software\快捷栏位置\桌面\Code-defect-detection-Style-determination\test\test-problem.py:148:1: E305 expected 2 blank lines after class or function definition, found 1
D:\Daily use software\快捷栏位置\桌面\Code-defect-detection-Style-determination\test\test-problem.py:149:11: W292 no newline at end of file

=====

check_security_issues:
Bandit analysis output:
Run started:2024-04-17 12:46:12.454693

Test results:
	No issues identified.

Code scanned:
	Total lines of code: 115
	Total lines skipped (#nosec): 0
	Total potential issues skipped due to specifically being disabled (e.g., #nosec BXXX): 0

Run metrics:
	Total issues (by severity):
		Undefined: 0
		Low: 0
		Medium: 0
		High: 0
	Total issues (by confidence):
		Undefined: 0
		Low: 0
		Medium: 0
		High: 0
Files skipped (0):

=====

check_python_syntax:
************* Module  --output-format=text
 --output-format=text:1:0: F0001: No module named  --output-format=text (fatal)
************* Module  --reports=no
 --reports=no:1:0: F0001: No module named  --reports=no (fatal)
************* Module  --score=no 
 --score=no :1:0: F0001: No module named  --score=no  (fatal)
************* Module test-problem
test\test-problem.py:1:11: E2511: Invalid unescaped character carriage-return, use "\r" instead. (invalid-character-carriage-return)
test\test-problem.py:1:22: E2511: Invalid unescaped character carriage-return, use "\r" instead. (invalid-character-carriage-return)
test\test-problem.py:1:23: E2511: Invalid unescaped character carriage-return, use "\r" instead. (invalid-character-carriage-return)
test\test-problem.py:1:34: E2511: Invalid unescaped character carriage-return, use "\r" instead. (invalid-character-carriage-return)
test\test-problem.py:1:157: E2511: Invalid unescaped character carriage-return, use "\r" instead. (invalid-character-carriage-return)
test\test-problem.py:1:191: E2511: Invalid unescaped character carriage-return, use "\r" instead. (invalid-character-carriage-return)
test\test-problem.py:1:192: E2511: Invalid unescaped character carriage-return, use "\r" instead. (invalid-character-carriage-return)
test\test-problem.py:1:193: E2511: Invalid unescaped character carriage-return, use "\r" instead. (invalid-character-carriage-return)
test\test-problem.py:1:233: E2511: Invalid unescaped character carriage-return, use "\r" instead. (invalid-character-carriage-return)
test\test-problem.py:1:285: E2511: Invalid unescaped character carriage-return, use "\r" instead. (invalid-character-carriage-return)
test\test-problem.py:1:311: E2511: Invalid unescaped character carriage-return, use "\r" instead. (invalid-character-carriage-return)
test\test-problem.py:1:361: E2511: Invalid unescaped character carriage-return, use "\r" instead. (invalid-character-carriage-return)
test\test-problem.py:1:378: E2511: Invalid unescaped character carriage-return, use "\r" instead. (invalid-character-carriage-return)
test\test-problem.py:1:429: E2511: Invalid unescaped character carriage-return, use "\r" instead. (invalid-character-carriage-return)
test\test-problem.py:1:473: E2511: Invalid unescaped character carriage-return, use "\r" instead. (invalid-character-carriage-return)
test\test-problem.py:1:491: E2511: Invalid unescaped character carriage-return, use "\r" instead. (invalid-character-carriage-return)
test\test-problem.py:1:513: E2511: Invalid unescaped character carriage-return, use "\r" instead. (invalid-character-carriage-return)
test\test-problem.py:1:565: E2511: Invalid unescaped character carriage-return, use "\r" instead. (invalid-character-carriage-return)
test\test-problem.py:1:588: E2511: Invalid unescaped character carriage-return, use "\r" instead. (invalid-character-carriage-return)
test\test-problem.py:1:644: E2511: Invalid unescaped character carriage-return, use "\r" instead. (invalid-character-carriage-return)
test\test-problem.py:1:661: E2511: Invalid unescaped character carriage-return, use "\r" instead. (invalid-character-carriage-return)
test\test-problem.py:1:712: E2511: Invalid unescaped character carriage-return, use "\r" instead. (invalid-character-carriage-return)
test\test-problem.py:1:762: E2511: Invalid unescaped character carriage-return, use "\r" instead. (invalid-character-carriage-return)
test\test-problem.py:1:783: E2511: Invalid unescaped character carriage-return, use "\r" instead. (invalid-character-carriage-return)
test\test-problem.py:1:805: E2511: Invalid unescaped character carriage-return, use "\r" instead. (invalid-character-carriage-return)
test\test-problem.py:1:870: E2511: Invalid unescaped character carriage-return, use "\r" instead. (invalid-character-carriage-return)
test\test-problem.py:1:930: E2511: Invalid unescaped character carriage-return, use "\r" instead. (invalid-character-carriage-return)
test\test-problem.py:1:993: E2511: Invalid unescaped character carriage-return, use "\r" instead. (invalid-character-carriage-return)
test\test-problem.py:1:1025: E2511: Invalid unescaped character carriage-return, use "\r" instead. (invalid-character-carriage-return)
test\test-problem.py:1:1090: E2511: Invalid unescaped character carriage-return, use "\r" instead. (invalid-character-carriage-return)
test\test-problem.py:1:1107: E2511: Invalid unescaped character carriage-return, use "\r" instead. (invalid-character-carriage-return)
test\test-problem.py:1:1168: E2511: Invalid unescaped character carriage-return, use "\r" instead. (invalid-character-carriage-return)
test\test-problem.py:1:1216: E2511: Invalid unescaped character carriage-return, use "\r" instead. (invalid-character-carriage-return)
test\test-problem.py:1:1236: E2511: Invalid unescaped character carriage-return, use "\r" instead. (invalid-character-carriage-return)
test\test-problem.py:1:1287: E2511: Invalid unescaped character carriage-return, use "\r" instead. (invalid-character-carriage-return)
test\test-problem.py:1:1359: E2511: Invalid unescaped character carriage-return, use "\r" instead. (invalid-character-carriage-return)
test\test-problem.py:1:1419: E2511: Invalid unescaped character carriage-return, use "\r" instead. (invalid-character-carriage-return)
test\test-problem.py:1:1494: E2511: Invalid unescaped character carriage-return, use "\r" instead. (invalid-character-carriage-return)
test\test-problem.py:1:1555: E2511: Invalid unescaped character carriage-return, use "\r" instead. (invalid-character-carriage-return)
test\test-problem.py:1:1583: E2511: Invalid unescaped character carriage-return, use "\r" instead. (invalid-character-carriage-return)
test\test-problem.py:1:1584: E2511: Invalid unescaped character carriage-return, use "\r" instead. (invalid-character-carriage-return)
test\test-problem.py:1:1585: E2511: Invalid unescaped character carriage-return, use "\r" instead. (invalid-character-carriage-return)
test\test-problem.py:1:1615: E2511: Invalid unescaped character carriage-return, use "\r" instead. (invalid-character-carriage-return)
test\test-problem.py:1:1662: E2511: Invalid unescaped character carriage-return, use "\r" instead. (invalid-character-carriage-return)
test\test-problem.py:1:1709: E2511: Invalid unescaped character carriage-return, use "\r" instead. (invalid-character-carriage-return)
test\test-problem.py:1:1754: E2511: Invalid unescaped character carriage-return, use "\r" instead. (invalid-character-carriage-return)
test\test-problem.py:1:1803: E2511: Invalid unescaped character carriage-return, use "\r" instead. (invalid-character-carriage-return)
test\test-problem.py:1:1854: E2511: Invalid unescaped character carriage-return, use "\r" instead. (invalid-character-carriage-return)
test\test-problem.py:1:1930: E2511: Invalid unescaped character carriage-return, use "\r" instead. (invalid-character-carriage-return)
test\test-problem.py:1:1983: E2511: Invalid unescaped character carriage-return, use "\r" instead. (invalid-character-carriage-return)
test\test-problem.py:1:2012: E2511: Invalid unescaped character carriage-return, use "\r" instead. (invalid-character-carriage-return)
test\test-problem.py:1:2038: E2511: Invalid unescaped character carriage-return, use "\r" instead. (invalid-character-carriage-return)
test\test-problem.py:1:2091: E2511: Invalid unescaped character carriage-return, use "\r" instead. (invalid-character-carriage-return)
test\test-problem.py:1:2123: E2511: Invalid unescaped character carriage-return, use "\r" instead. (invalid-character-carriage-return)
test\test-problem.py:1:2139: E2511: Invalid unescaped character carriage-return, use "\r" instead. (invalid-character-carriage-return)
test\test-problem.py:1:2155: E2511: Invalid unescaped character carriage-return, use "\r" instead. (invalid-character-carriage-return)
test\test-problem.py:1:2188: E2511: Invalid unescaped character carriage-return, use "\r" instead. (invalid-character-carriage-return)
test\test-problem.py:1:2254: E2511: Invalid unescaped character carriage-return, use "\r" instead. (invalid-character-carriage-return)
test\test-problem.py:1:2288: E2511: Invalid unescaped character carriage-return, use "\r" instead. (invalid-character-carriage-return)
test\test-problem.py:1:2322: E2511: Invalid unescaped character carriage-return, use "\r" instead. (invalid-character-carriage-return)
test\test-problem.py:1:2373: E2511: Invalid unescaped character carriage-return, use "\r" instead. (invalid-character-carriage-return)
test\test-problem.py:1:2447: E2511: Invalid unescaped character carriage-return, use "\r" instead. (invalid-character-carriage-return)
test\test-problem.py:1:2472: E2511: Invalid unescaped character carriage-return, use "\r" instead. (invalid-character-carriage-return)
test\test-problem.py:1:2487: E2511: Invalid unescaped character carriage-return, use "\r" instead. (invalid-character-carriage-return)
test\test-problem.py:1:2538: E2511: Invalid unescaped character carriage-return, use "\r" instead. (invalid-character-carriage-return)
test\test-problem.py:1:2559: E2511: Invalid unescaped character carriage-return, use "\r" instead. (invalid-character-carriage-return)
test\test-problem.py:1:2590: E2511: Invalid unescaped character carriage-return, use "\r" instead. (invalid-character-carriage-return)
test\test-problem.py:1:2626: E2511: Invalid unescaped character carriage-return, use "\r" instead. (invalid-character-carriage-return)
test\test-problem.py:1:2682: E2511: Invalid unescaped character carriage-return, use "\r" instead. (invalid-character-carriage-return)
test\test-problem.py:1:2711: E2511: Invalid unescaped character carriage-return, use "\r" instead. (invalid-character-carriage-return)
test\test-problem.py:1:2745: E2511: Invalid unescaped character carriage-return, use "\r" instead. (invalid-character-carriage-return)
test\test-problem.py:1:2804: E2511: Invalid unescaped character carriage-return, use "\r" instead. (invalid-character-carriage-return)
test\test-problem.py:1:2828: E2511: Invalid unescaped character carriage-return, use "\r" instead. (invalid-character-carriage-return)
test\test-problem.py:1:2829: E2511: Invalid unescaped character carriage-return, use "\r" instead. (invalid-character-carriage-return)
test\test-problem.py:1:2830: E2511: Invalid unescaped character carriage-return, use "\r" instead. (invalid-character-carriage-return)
test\test-problem.py:1:2831: E2511: Invalid unescaped character carriage-return, use "\r" instead. (invalid-character-carriage-return)
test\test-problem.py:1:2875: E2511: Invalid unescaped character carriage-return, use "\r" instead. (invalid-character-carriage-return)
test\test-problem.py:1:2909: E2511: Invalid unescaped character carriage-return, use "\r" instead. (invalid-character-carriage-return)
test\test-problem.py:1:2963: E2511: Invalid unescaped character carriage-return, use "\r" instead. (invalid-character-carriage-return)
test\test-problem.py:1:2996: E2511: Invalid unescaped character carriage-return, use "\r" instead. (invalid-character-carriage-return)
test\test-problem.py:1:3148: E2511: Invalid unescaped character carriage-return, use "\r" instead. (invalid-character-carriage-return)
test\test-problem.py:1:3195: E2511: Invalid unescaped character carriage-return, use "\r" instead. (invalid-character-carriage-return)
test\test-problem.py:1:3235: E2511: Invalid unescaped character carriage-return, use "\r" instead. (invalid-character-carriage-return)
test\test-problem.py:1:3346: E2511: Invalid unescaped character carriage-return, use "\r" instead. (invalid-character-carriage-return)
test\test-problem.py:1:3363: E2511: Invalid unescaped character carriage-return, use "\r" instead. (invalid-character-carriage-return)
test\test-problem.py:1:3364: E2511: Invalid unescaped character carriage-return, use "\r" instead. (invalid-character-carriage-return)
test\test-problem.py:1:3365: E2511: Invalid unescaped character carriage-return, use "\r" instead. (invalid-character-carriage-return)
test\test-problem.py:1:3414: E2511: Invalid unescaped character carriage-return, use "\r" instead. (invalid-character-carriage-return)
test\test-problem.py:1:3428: E2511: Invalid unescaped character carriage-return, use "\r" instead. (invalid-character-carriage-return)
test\test-problem.py:1:3468: E2511: Invalid unescaped character carriage-return, use "\r" instead. (invalid-character-carriage-return)
test\test-problem.py:1:3509: E2511: Invalid unescaped character carriage-return, use "\r" instead. (invalid-character-carriage-return)
test\test-problem.py:1:3548: E2511: Invalid unescaped character carriage-return, use "\r" instead. (invalid-character-carriage-return)
test\test-problem.py:1:3587: E2511: Invalid unescaped character carriage-return, use "\r" instead. (invalid-character-carriage-return)
test\test-problem.py:1:3628: E2511: Invalid unescaped character carriage-return, use "\r" instead. (invalid-character-carriage-return)
test\test-problem.py:1:3667: E2511: Invalid unescaped character carriage-return, use "\r" instead. (invalid-character-carriage-return)
test\test-problem.py:1:3706: E2511: Invalid unescaped character carriage-return, use "\r" instead. (invalid-character-carriage-return)
test\test-problem.py:1:3747: E2511: Invalid unescaped character carriage-return, use "\r" instead. (invalid-character-carriage-return)
test\test-problem.py:1:3807: E2511: Invalid unescaped character carriage-return, use "\r" instead. (invalid-character-carriage-return)
test\test-problem.py:1:3847: E2511: Invalid unescaped character carriage-return, use "\r" instead. (invalid-character-carriage-return)
test\test-problem.py:1:3927: E2511: Invalid unescaped character carriage-return, use "\r" instead. (invalid-character-carriage-return)
test\test-problem.py:1:3967: E2511: Invalid unescaped character carriage-return, use "\r" instead. (invalid-character-carriage-return)
test\test-problem.py:1:4007: E2511: Invalid unescaped character carriage-return, use "\r" instead. (invalid-character-carriage-return)
test\test-problem.py:1:4049: E2511: Invalid unescaped character carriage-return, use "\r" instead. (invalid-character-carriage-return)
test\test-problem.py:1:4111: E2511: Invalid unescaped character carriage-return, use "\r" instead. (invalid-character-carriage-return)
test\test-problem.py:1:4151: E2511: Invalid unescaped character carriage-return, use "\r" instead. (invalid-character-carriage-return)
test\test-problem.py:1:4153: E2511: Invalid unescaped character carriage-return, use "\r" instead. (invalid-character-carriage-return)
test\test-problem.py:1:4154: E2511: Invalid unescaped character carriage-return, use "\r" instead. (invalid-character-carriage-return)
test\test-problem.py:1:4155: E2511: Invalid unescaped character carriage-return, use "\r" instead. (invalid-character-carriage-return)
test\test-problem.py:1:4195: E2511: Invalid unescaped character carriage-return, use "\r" instead. (invalid-character-carriage-return)
test\test-problem.py:1:4247: E2511: Invalid unescaped character carriage-return, use "\r" instead. (invalid-character-carriage-return)
test\test-problem.py:1:4273: E2511: Invalid unescaped character carriage-return, use "\r" instead. (invalid-character-carriage-return)
test\test-problem.py:1:4304: E2511: Invalid unescaped character carriage-return, use "\r" instead. (invalid-character-carriage-return)
test\test-problem.py:1:4347: E2511: Invalid unescaped character carriage-return, use "\r" instead. (invalid-character-carriage-return)
test\test-problem.py:1:4392: E2511: Invalid unescaped character carriage-return, use "\r" instead. (invalid-character-carriage-return)
test\test-problem.py:1:4420: E2511: Invalid unescaped character carriage-return, use "\r" instead. (invalid-character-carriage-return)
test\test-problem.py:1:4460: E2511: Invalid unescaped character carriage-return, use "\r" instead. (invalid-character-carriage-return)
test\test-problem.py:1:4507: E2511: Invalid unescaped character carriage-return, use "\r" instead. (invalid-character-carriage-return)
test\test-problem.py:1:4563: E2511: Invalid unescaped character carriage-return, use "\r" instead. (invalid-character-carriage-return)
test\test-problem.py:1:4598: E2511: Invalid unescaped character carriage-return, use "\r" instead. (invalid-character-carriage-return)
test\test-problem.py:1:4614: E2511: Invalid unescaped character carriage-return, use "\r" instead. (invalid-character-carriage-return)
test\test-problem.py:1:4652: E2511: Invalid unescaped character carriage-return, use "\r" instead. (invalid-character-carriage-return)
test\test-problem.py:1:4729: E2511: Invalid unescaped character carriage-return, use "\r" instead. (invalid-character-carriage-return)
test\test-problem.py:1:4791: E2511: Invalid unescaped character carriage-return, use "\r" instead. (invalid-character-carriage-return)
test\test-problem.py:1:4846: E2511: Invalid unescaped character carriage-return, use "\r" instead. (invalid-character-carriage-return)
test\test-problem.py:1:4888: E2511: Invalid unescaped character carriage-return, use "\r" instead. (invalid-character-carriage-return)
test\test-problem.py:1:4959: E2511: Invalid unescaped character carriage-return, use "\r" instead. (invalid-character-carriage-return)
test\test-problem.py:1:5060: E2511: Invalid unescaped character carriage-return, use "\r" instead. (invalid-character-carriage-return)
test\test-problem.py:1:5117: E2511: Invalid unescaped character carriage-return, use "\r" instead. (invalid-character-carriage-return)
test\test-problem.py:1:5159: E2511: Invalid unescaped character carriage-return, use "\r" instead. (invalid-character-carriage-return)
test\test-problem.py:1:5255: E2511: Invalid unescaped character carriage-return, use "\r" instead. (invalid-character-carriage-return)
test\test-problem.py:1:5256: E2511: Invalid unescaped character carriage-return, use "\r" instead. (invalid-character-carriage-return)
test\test-problem.py:1:5257: E2511: Invalid unescaped character carriage-return, use "\r" instead. (invalid-character-carriage-return)
test\test-problem.py:1:5292: E2511: Invalid unescaped character carriage-return, use "\r" instead. (invalid-character-carriage-return)
test\test-problem.py:1:5371: E2511: Invalid unescaped character carriage-return, use "\r" instead. (invalid-character-carriage-return)
test\test-problem.py:1:5479: E2511: Invalid unescaped character carriage-return, use "\r" instead. (invalid-character-carriage-return)
test\test-problem.py:1:5541: E2511: Invalid unescaped character carriage-return, use "\r" instead. (invalid-character-carriage-return)
test\test-problem.py:1:5574: E2511: Invalid unescaped character carriage-return, use "\r" instead. (invalid-character-carriage-return)
test\test-problem.py:1:5608: E2511: Invalid unescaped character carriage-return, use "\r" instead. (invalid-character-carriage-return)
test\test-problem.py:1:5609: E2511: Invalid unescaped character carriage-return, use "\r" instead. (invalid-character-carriage-return)
test\test-problem.py:1:5610: E2511: Invalid unescaped character carriage-return, use "\r" instead. (invalid-character-carriage-return)
test\test-problem.py:1:5622: E2511: Invalid unescaped character carriage-return, use "\r" instead. (invalid-character-carriage-return)
test\test-problem.py:1:5649: E2511: Invalid unescaped character carriage-return, use "\r" instead. (invalid-character-carriage-return)
test\test-problem.py:1:5760: E2511: Invalid unescaped character carriage-return, use "\r" instead. (invalid-character-carriage-return)
test\test-problem.py:1:5823: E2511: Invalid unescaped character carriage-return, use "\r" instead. (invalid-character-carriage-return)
test\test-problem.py:1:5858: E2511: Invalid unescaped character carriage-return, use "\r" instead. (invalid-character-carriage-return)
test\test-problem.py:1:5877: E2511: Invalid unescaped character carriage-return, use "\r" instead. (invalid-character-carriage-return)
test\test-problem.py:1:5878: E2511: Invalid unescaped character carriage-return, use "\r" instead. (invalid-character-carriage-return)
test\test-problem.py:1:5905: E2511: Invalid unescaped character carriage-return, use "\r" instead. (invalid-character-carriage-return)
test\test-problem.py:1:0: C0304: Final newline missing (missing-final-newline)
test\test-problem.py:2:0: C0304: Final newline missing (missing-final-newline)
test\test-problem.py:3:0: C0304: Final newline missing (missing-final-newline)
test\test-problem.py:4:0: C0304: Final newline missing (missing-final-newline)
test\test-problem.py:5:0: C0304: Final newline missing (missing-final-newline)
test\test-problem.py:6:0: C0304: Final newline missing (missing-final-newline)
test\test-problem.py:7:0: C0304: Final newline missing (missing-final-newline)
test\test-problem.py:8:0: C0304: Final newline missing (missing-final-newline)
test\test-problem.py:9:0: C0304: Final newline missing (missing-final-newline)
test\test-problem.py:10:0: C0304: Final newline missing (missing-final-newline)
test\test-problem.py:11:0: C0304: Final newline missing (missing-final-newline)
test\test-problem.py:12:0: C0304: Final newline missing (missing-final-newline)
test\test-problem.py:13:0: C0304: Final newline missing (missing-final-newline)
test\test-problem.py:14:0: C0304: Final newline missing (missing-final-newline)
test\test-problem.py:15:0: C0304: Final newline missing (missing-final-newline)
test\test-problem.py:16:0: C0304: Final newline missing (missing-final-newline)
test\test-problem.py:17:0: C0304: Final newline missing (missing-final-newline)
test\test-problem.py:18:0: C0304: Final newline missing (missing-final-newline)
test\test-problem.py:19:0: C0304: Final newline missing (missing-final-newline)
test\test-problem.py:20:0: C0304: Final newline missing (missing-final-newline)
test\test-problem.py:21:0: C0304: Final newline missing (missing-final-newline)
test\test-problem.py:22:0: C0304: Final newline missing (missing-final-newline)
test\test-problem.py:23:0: C0304: Final newline missing (missing-final-newline)
test\test-problem.py:24:0: C0304: Final newline missing (missing-final-newline)
test\test-problem.py:25:0: C0304: Final newline missing (missing-final-newline)
test\test-problem.py:26:0: C0304: Final newline missing (missing-final-newline)
test\test-problem.py:27:0: C0304: Final newline missing (missing-final-newline)
test\test-problem.py:28:0: C0304: Final newline missing (missing-final-newline)
test\test-problem.py:29:0: C0304: Final newline missing (missing-final-newline)
test\test-problem.py:30:0: C0304: Final newline missing (missing-final-newline)
test\test-problem.py:31:0: C0304: Final newline missing (missing-final-newline)
test\test-problem.py:32:0: C0304: Final newline missing (missing-final-newline)
test\test-problem.py:33:0: C0304: Final newline missing (missing-final-newline)
test\test-problem.py:34:0: C0304: Final newline missing (missing-final-newline)
test\test-problem.py:35:0: C0304: Final newline missing (missing-final-newline)
test\test-problem.py:36:0: C0304: Final newline missing (missing-final-newline)
test\test-problem.py:37:0: C0304: Final newline missing (missing-final-newline)
test\test-problem.py:38:0: C0304: Final newline missing (missing-final-newline)
test\test-problem.py:39:0: C0304: Final newline missing (missing-final-newline)
test\test-problem.py:40:0: C0304: Final newline missing (missing-final-newline)
test\test-problem.py:41:0: C0304: Final newline missing (missing-final-newline)
test\test-problem.py:42:0: C0304: Final newline missing (missing-final-newline)
test\test-problem.py:43:0: C0304: Final newline missing (missing-final-newline)
test\test-problem.py:44:0: C0304: Final newline missing (missing-final-newline)
test\test-problem.py:45:0: C0304: Final newline missing (missing-final-newline)
test\test-problem.py:46:0: C0304: Final newline missing (missing-final-newline)
test\test-problem.py:47:0: C0304: Final newline missing (missing-final-newline)
test\test-problem.py:48:0: C0304: Final newline missing (missing-final-newline)
test\test-problem.py:49:0: C0304: Final newline missing (missing-final-newline)
test\test-problem.py:50:0: C0304: Final newline missing (missing-final-newline)
test\test-problem.py:51:0: C0304: Final newline missing (missing-final-newline)
test\test-problem.py:52:0: C0304: Final newline missing (missing-final-newline)
test\test-problem.py:53:0: C0304: Final newline missing (missing-final-newline)
test\test-problem.py:54:0: C0304: Final newline missing (missing-final-newline)
test\test-problem.py:55:0: C0304: Final newline missing (missing-final-newline)
test\test-problem.py:56:0: C0304: Final newline missing (missing-final-newline)
test\test-problem.py:57:0: C0304: Final newline missing (missing-final-newline)
test\test-problem.py:58:0: C0304: Final newline missing (missing-final-newline)
test\test-problem.py:59:0: C0304: Final newline missing (missing-final-newline)
test\test-problem.py:60:0: C0304: Final newline missing (missing-final-newline)
test\test-problem.py:61:0: C0304: Final newline missing (missing-final-newline)
test\test-problem.py:62:0: C0304: Final newline missing (missing-final-newline)
test\test-problem.py:63:0: C0304: Final newline missing (missing-final-newline)
test\test-problem.py:64:0: C0304: Final newline missing (missing-final-newline)
test\test-problem.py:65:0: C0304: Final newline missing (missing-final-newline)
test\test-problem.py:66:0: C0304: Final newline missing (missing-final-newline)
test\test-problem.py:67:0: C0304: Final newline missing (missing-final-newline)
test\test-problem.py:68:0: C0304: Final newline missing (missing-final-newline)
test\test-problem.py:69:0: C0304: Final newline missing (missing-final-newline)
test\test-problem.py:70:0: C0304: Final newline missing (missing-final-newline)
test\test-problem.py:71:0: C0304: Final newline missing (missing-final-newline)
test\test-problem.py:72:0: C0304: Final newline missing (missing-final-newline)
test\test-problem.py:73:0: C0304: Final newline missing (missing-final-newline)
test\test-problem.py:74:0: C0304: Final newline missing (missing-final-newline)
test\test-problem.py:75:0: C0304: Final newline missing (missing-final-newline)
test\test-problem.py:76:0: C0304: Final newline missing (missing-final-newline)
test\test-problem.py:77:0: C0304: Final newline missing (missing-final-newline)
test\test-problem.py:78:0: C0304: Final newline missing (missing-final-newline)
test\test-problem.py:79:0: C0304: Final newline missing (missing-final-newline)
test\test-problem.py:80:0: C0304: Final newline missing (missing-final-newline)
test\test-problem.py:81:0: C0304: Final newline missing (missing-final-newline)
test\test-problem.py:82:0: C0304: Final newline missing (missing-final-newline)
test\test-problem.py:83:0: C0304: Final newline missing (missing-final-newline)
test\test-problem.py:84:0: C0304: Final newline missing (missing-final-newline)
test\test-problem.py:85:0: C0304: Final newline missing (missing-final-newline)
test\test-problem.py:86:0: C0304: Final newline missing (missing-final-newline)
test\test-problem.py:87:0: C0304: Final newline missing (missing-final-newline)
test\test-problem.py:88:0: C0304: Final newline missing (missing-final-newline)
test\test-problem.py:89:0: C0304: Final newline missing (missing-final-newline)
test\test-problem.py:90:0: C0304: Final newline missing (missing-final-newline)
test\test-problem.py:91:0: C0304: Final newline missing (missing-final-newline)
test\test-problem.py:92:0: C0304: Final newline missing (missing-final-newline)
test\test-problem.py:93:0: C0304: Final newline missing (missing-final-newline)
test\test-problem.py:94:0: C0304: Final newline missing (missing-final-newline)
test\test-problem.py:95:0: C0304: Final newline missing (missing-final-newline)
test\test-problem.py:96:0: C0304: Final newline missing (missing-final-newline)
test\test-problem.py:97:0: C0304: Final newline missing (missing-final-newline)
test\test-problem.py:98:0: C0304: Final newline missing (missing-final-newline)
test\test-problem.py:99:0: C0304: Final newline missing (missing-final-newline)
test\test-problem.py:100:0: C0304: Final newline missing (missing-final-newline)
test\test-problem.py:101:0: C0304: Final newline missing (missing-final-newline)
test\test-problem.py:102:0: C0304: Final newline missing (missing-final-newline)
test\test-problem.py:103:0: C0304: Final newline missing (missing-final-newline)
test\test-problem.py:104:0: C0304: Final newline missing (missing-final-newline)
test\test-problem.py:105:0: C0304: Final newline missing (missing-final-newline)
test\test-problem.py:106:0: C0304: Final newline missing (missing-final-newline)
test\test-problem.py:107:0: C0304: Final newline missing (missing-final-newline)
test\test-problem.py:108:0: C0304: Final newline missing (missing-final-newline)
test\test-problem.py:109:0: C0304: Final newline missing (missing-final-newline)
test\test-problem.py:110:0: C0304: Final newline missing (missing-final-newline)
test\test-problem.py:111:0: C0304: Final newline missing (missing-final-newline)
test\test-problem.py:112:0: C0304: Final newline missing (missing-final-newline)
test\test-problem.py:113:0: C0304: Final newline missing (missing-final-newline)
test\test-problem.py:114:0: C0304: Final newline missing (missing-final-newline)
test\test-problem.py:115:0: C0304: Final newline missing (missing-final-newline)
test\test-problem.py:116:0: C0304: Final newline missing (missing-final-newline)
test\test-problem.py:117:0: C0304: Final newline missing (missing-final-newline)
test\test-problem.py:118:0: C0304: Final newline missing (missing-final-newline)
test\test-problem.py:119:0: C0304: Final newline missing (missing-final-newline)
test\test-problem.py:120:0: C0304: Final newline missing (missing-final-newline)
test\test-problem.py:121:0: C0304: Final newline missing (missing-final-newline)
test\test-problem.py:122:0: C0304: Final newline missing (missing-final-newline)
test\test-problem.py:123:0: C0304: Final newline missing (missing-final-newline)
test\test-problem.py:124:0: C0304: Final newline missing (missing-final-newline)
test\test-problem.py:125:0: C0304: Final newline missing (missing-final-newline)
test\test-problem.py:126:0: C0304: Final newline missing (missing-final-newline)
test\test-problem.py:127:0: C0304: Final newline missing (missing-final-newline)
test\test-problem.py:128:0: C0304: Final newline missing (missing-final-newline)
test\test-problem.py:129:0: C0304: Final newline missing (missing-final-newline)
test\test-problem.py:130:0: C0304: Final newline missing (missing-final-newline)
test\test-problem.py:131:0: C0304: Final newline missing (missing-final-newline)
test\test-problem.py:132:0: C0304: Final newline missing (missing-final-newline)
test\test-problem.py:133:0: C0304: Final newline missing (missing-final-newline)
test\test-problem.py:134:0: C0304: Final newline missing (missing-final-newline)
test\test-problem.py:135:0: C0304: Final newline missing (missing-final-newline)
test\test-problem.py:136:0: C0304: Final newline missing (missing-final-newline)
test\test-problem.py:137:0: C0304: Final newline missing (missing-final-newline)
test\test-problem.py:138:0: C0304: Final newline missing (missing-final-newline)
test\test-problem.py:139:0: C0304: Final newline missing (missing-final-newline)
test\test-problem.py:140:0: C0304: Final newline missing (missing-final-newline)
test\test-problem.py:141:0: C0304: Final newline missing (missing-final-newline)
test\test-problem.py:142:0: C0304: Final newline missing (missing-final-newline)
test\test-problem.py:143:0: C0304: Final newline missing (missing-final-newline)
test\test-problem.py:144:0: C0304: Final newline missing (missing-final-newline)
test\test-problem.py:145:0: C0304: Final newline missing (missing-final-newline)
test\test-problem.py:146:0: C0304: Final newline missing (missing-final-newline)
test\test-problem.py:147:0: C0304: Final newline missing (missing-final-newline)
test\test-problem.py:148:0: C0304: Final newline missing (missing-final-newline)
test\test-problem.py:149:0: C0304: Final newline missing (missing-final-newline)
test\test-problem.py:5:0: C0301: Line too long (122/100) (line-too-long)
test\test-problem.py:81:0: C0301: Line too long (151/100) (line-too-long)
test\test-problem.py:84:0: C0301: Line too long (110/100) (line-too-long)
test\test-problem.py:135:0: C0301: Line too long (107/100) (line-too-long)
test\test-problem.py:143:0: C0301: Line too long (110/100) (line-too-long)
test\test-problem.py:1:0: C0114: Missing module docstring (missing-module-docstring)
test\test-problem.py:1:0: C0103: Module name "test-problem" doesn't conform to snake_case naming style (invalid-name)
test\test-problem.py:1:0: E0401: Unable to import 'cv2' (import-error)
test\test-problem.py:5:0: C0103: Constant name "xml_file" doesn't conform to UPPER_CASE naming style (invalid-name)
test\test-problem.py:10:0: C0116: Missing function or method docstring (missing-function-docstring)
test\test-problem.py:18:0: C0116: Missing function or method docstring (missing-function-docstring)
test\test-problem.py:26:0: C0116: Missing function or method docstring (missing-function-docstring)
test\test-problem.py:36:0: C0116: Missing function or method docstring (missing-function-docstring)
test\test-problem.py:44:0: C0116: Missing function or method docstring (missing-function-docstring)
test\test-problem.py:45:4: C0103: Variable name "X_left" doesn't conform to snake_case naming style (invalid-name)
test\test-problem.py:46:4: C0103: Variable name "Y_top" doesn't conform to snake_case naming style (invalid-name)
test\test-problem.py:47:4: C0103: Variable name "X_right" doesn't conform to snake_case naming style (invalid-name)
test\test-problem.py:48:4: C0103: Variable name "Y_bottom" doesn't conform to snake_case naming style (invalid-name)
test\test-problem.py:52:0: C0116: Missing function or method docstring (missing-function-docstring)
test\test-problem.py:57:0: C0116: Missing function or method docstring (missing-function-docstring)
test\test-problem.py:65:0: C0116: Missing function or method docstring (missing-function-docstring)
test\test-problem.py:78:0: C0116: Missing function or method docstring (missing-function-docstring)
test\test-problem.py:110:0: C0116: Missing function or method docstring (missing-function-docstring)
test\test-problem.py:110:31: W0613: Unused argument 'manual_annotations' (unused-argument)
test\test-problem.py:116:0: C0116: Missing function or method docstring (missing-function-docstring)
test\test-problem.py:120:8: R1722: Consider using 'sys.exit' instead (consider-using-sys-exit)
test\test-problem.py:134:0: C0116: Missing function or method docstring (missing-function-docstring)
test\test-problem.py:141:0: C0116: Missing function or method docstring (missing-function-docstring)
test\test-problem.py:143:20: W0612: Unused variable 'manual_coordinates_list' (unused-variable)
test\test-problem.py:143:45: W0612: Unused variable 'auto_coordinates_list' (unused-variable)
test\test-problem.py:2:0: C0411: standard import "sys" should be placed before third party import "cv2" (wrong-import-order)

------------------------------------------------------------------
Your code has been rated at 0.00/10 (previous run: 0.00/10, +0.00)


=====

check_style:
************* Module test-problem
1:11: Invalid unescaped character carriage-return, use "\r" instead. (invalid-character-carriage-return)
1:22: Invalid unescaped character carriage-return, use "\r" instead. (invalid-character-carriage-return)
1:23: Invalid unescaped character carriage-return, use "\r" instead. (invalid-character-carriage-return)
1:34: Invalid unescaped character carriage-return, use "\r" instead. (invalid-character-carriage-return)
1:157: Invalid unescaped character carriage-return, use "\r" instead. (invalid-character-carriage-return)
1:191: Invalid unescaped character carriage-return, use "\r" instead. (invalid-character-carriage-return)
1:192: Invalid unescaped character carriage-return, use "\r" instead. (invalid-character-carriage-return)
1:193: Invalid unescaped character carriage-return, use "\r" instead. (invalid-character-carriage-return)
1:233: Invalid unescaped character carriage-return, use "\r" instead. (invalid-character-carriage-return)
1:285: Invalid unescaped character carriage-return, use "\r" instead. (invalid-character-carriage-return)
1:311: Invalid unescaped character carriage-return, use "\r" instead. (invalid-character-carriage-return)
1:361: Invalid unescaped character carriage-return, use "\r" instead. (invalid-character-carriage-return)
1:378: Invalid unescaped character carriage-return, use "\r" instead. (invalid-character-carriage-return)
1:429: Invalid unescaped character carriage-return, use "\r" instead. (invalid-character-carriage-return)
1:473: Invalid unescaped character carriage-return, use "\r" instead. (invalid-character-carriage-return)
1:491: Invalid unescaped character carriage-return, use "\r" instead. (invalid-character-carriage-return)
1:513: Invalid unescaped character carriage-return, use "\r" instead. (invalid-character-carriage-return)
1:565: Invalid unescaped character carriage-return, use "\r" instead. (invalid-character-carriage-return)
1:588: Invalid unescaped character carriage-return, use "\r" instead. (invalid-character-carriage-return)
1:644: Invalid unescaped character carriage-return, use "\r" instead. (invalid-character-carriage-return)
1:661: Invalid unescaped character carriage-return, use "\r" instead. (invalid-character-carriage-return)
1:712: Invalid unescaped character carriage-return, use "\r" instead. (invalid-character-carriage-return)
1:762: Invalid unescaped character carriage-return, use "\r" instead. (invalid-character-carriage-return)
1:783: Invalid unescaped character carriage-return, use "\r" instead. (invalid-character-carriage-return)
1:805: Invalid unescaped character carriage-return, use "\r" instead. (invalid-character-carriage-return)
1:870: Invalid unescaped character carriage-return, use "\r" instead. (invalid-character-carriage-return)
1:930: Invalid unescaped character carriage-return, use "\r" instead. (invalid-character-carriage-return)
1:993: Invalid unescaped character carriage-return, use "\r" instead. (invalid-character-carriage-return)
1:1025: Invalid unescaped character carriage-return, use "\r" instead. (invalid-character-carriage-return)
1:1090: Invalid unescaped character carriage-return, use "\r" instead. (invalid-character-carriage-return)
1:1107: Invalid unescaped character carriage-return, use "\r" instead. (invalid-character-carriage-return)
1:1168: Invalid unescaped character carriage-return, use "\r" instead. (invalid-character-carriage-return)
1:1216: Invalid unescaped character carriage-return, use "\r" instead. (invalid-character-carriage-return)
1:1236: Invalid unescaped character carriage-return, use "\r" instead. (invalid-character-carriage-return)
1:1287: Invalid unescaped character carriage-return, use "\r" instead. (invalid-character-carriage-return)
1:1359: Invalid unescaped character carriage-return, use "\r" instead. (invalid-character-carriage-return)
1:1419: Invalid unescaped character carriage-return, use "\r" instead. (invalid-character-carriage-return)
1:1494: Invalid unescaped character carriage-return, use "\r" instead. (invalid-character-carriage-return)
1:1555: Invalid unescaped character carriage-return, use "\r" instead. (invalid-character-carriage-return)
1:1583: Invalid unescaped character carriage-return, use "\r" instead. (invalid-character-carriage-return)
1:1584: Invalid unescaped character carriage-return, use "\r" instead. (invalid-character-carriage-return)
1:1585: Invalid unescaped character carriage-return, use "\r" instead. (invalid-character-carriage-return)
1:1615: Invalid unescaped character carriage-return, use "\r" instead. (invalid-character-carriage-return)
1:1662: Invalid unescaped character carriage-return, use "\r" instead. (invalid-character-carriage-return)
1:1709: Invalid unescaped character carriage-return, use "\r" instead. (invalid-character-carriage-return)
1:1754: Invalid unescaped character carriage-return, use "\r" instead. (invalid-character-carriage-return)
1:1803: Invalid unescaped character carriage-return, use "\r" instead. (invalid-character-carriage-return)
1:1854: Invalid unescaped character carriage-return, use "\r" instead. (invalid-character-carriage-return)
1:1930: Invalid unescaped character carriage-return, use "\r" instead. (invalid-character-carriage-return)
1:1983: Invalid unescaped character carriage-return, use "\r" instead. (invalid-character-carriage-return)
1:2012: Invalid unescaped character carriage-return, use "\r" instead. (invalid-character-carriage-return)
1:2038: Invalid unescaped character carriage-return, use "\r" instead. (invalid-character-carriage-return)
1:2091: Invalid unescaped character carriage-return, use "\r" instead. (invalid-character-carriage-return)
1:2123: Invalid unescaped character carriage-return, use "\r" instead. (invalid-character-carriage-return)
1:2139: Invalid unescaped character carriage-return, use "\r" instead. (invalid-character-carriage-return)
1:2155: Invalid unescaped character carriage-return, use "\r" instead. (invalid-character-carriage-return)
1:2188: Invalid unescaped character carriage-return, use "\r" instead. (invalid-character-carriage-return)
1:2254: Invalid unescaped character carriage-return, use "\r" instead. (invalid-character-carriage-return)
1:2288: Invalid unescaped character carriage-return, use "\r" instead. (invalid-character-carriage-return)
1:2322: Invalid unescaped character carriage-return, use "\r" instead. (invalid-character-carriage-return)
1:2373: Invalid unescaped character carriage-return, use "\r" instead. (invalid-character-carriage-return)
1:2447: Invalid unescaped character carriage-return, use "\r" instead. (invalid-character-carriage-return)
1:2472: Invalid unescaped character carriage-return, use "\r" instead. (invalid-character-carriage-return)
1:2487: Invalid unescaped character carriage-return, use "\r" instead. (invalid-character-carriage-return)
1:2538: Invalid unescaped character carriage-return, use "\r" instead. (invalid-character-carriage-return)
1:2559: Invalid unescaped character carriage-return, use "\r" instead. (invalid-character-carriage-return)
1:2590: Invalid unescaped character carriage-return, use "\r" instead. (invalid-character-carriage-return)
1:2626: Invalid unescaped character carriage-return, use "\r" instead. (invalid-character-carriage-return)
1:2682: Invalid unescaped character carriage-return, use "\r" instead. (invalid-character-carriage-return)
1:2711: Invalid unescaped character carriage-return, use "\r" instead. (invalid-character-carriage-return)
1:2745: Invalid unescaped character carriage-return, use "\r" instead. (invalid-character-carriage-return)
1:2804: Invalid unescaped character carriage-return, use "\r" instead. (invalid-character-carriage-return)
1:2828: Invalid unescaped character carriage-return, use "\r" instead. (invalid-character-carriage-return)
1:2829: Invalid unescaped character carriage-return, use "\r" instead. (invalid-character-carriage-return)
1:2830: Invalid unescaped character carriage-return, use "\r" instead. (invalid-character-carriage-return)
1:2831: Invalid unescaped character carriage-return, use "\r" instead. (invalid-character-carriage-return)
1:2875: Invalid unescaped character carriage-return, use "\r" instead. (invalid-character-carriage-return)
1:2909: Invalid unescaped character carriage-return, use "\r" instead. (invalid-character-carriage-return)
1:2963: Invalid unescaped character carriage-return, use "\r" instead. (invalid-character-carriage-return)
1:2996: Invalid unescaped character carriage-return, use "\r" instead. (invalid-character-carriage-return)
1:3148: Invalid unescaped character carriage-return, use "\r" instead. (invalid-character-carriage-return)
1:3195: Invalid unescaped character carriage-return, use "\r" instead. (invalid-character-carriage-return)
1:3235: Invalid unescaped character carriage-return, use "\r" instead. (invalid-character-carriage-return)
1:3346: Invalid unescaped character carriage-return, use "\r" instead. (invalid-character-carriage-return)
1:3363: Invalid unescaped character carriage-return, use "\r" instead. (invalid-character-carriage-return)
1:3364: Invalid unescaped character carriage-return, use "\r" instead. (invalid-character-carriage-return)
1:3365: Invalid unescaped character carriage-return, use "\r" instead. (invalid-character-carriage-return)
1:3414: Invalid unescaped character carriage-return, use "\r" instead. (invalid-character-carriage-return)
1:3428: Invalid unescaped character carriage-return, use "\r" instead. (invalid-character-carriage-return)
1:3468: Invalid unescaped character carriage-return, use "\r" instead. (invalid-character-carriage-return)
1:3509: Invalid unescaped character carriage-return, use "\r" instead. (invalid-character-carriage-return)
1:3548: Invalid unescaped character carriage-return, use "\r" instead. (invalid-character-carriage-return)
1:3587: Invalid unescaped character carriage-return, use "\r" instead. (invalid-character-carriage-return)
1:3628: Invalid unescaped character carriage-return, use "\r" instead. (invalid-character-carriage-return)
1:3667: Invalid unescaped character carriage-return, use "\r" instead. (invalid-character-carriage-return)
1:3706: Invalid unescaped character carriage-return, use "\r" instead. (invalid-character-carriage-return)
1:3747: Invalid unescaped character carriage-return, use "\r" instead. (invalid-character-carriage-return)
1:3807: Invalid unescaped character carriage-return, use "\r" instead. (invalid-character-carriage-return)
1:3847: Invalid unescaped character carriage-return, use "\r" instead. (invalid-character-carriage-return)
1:3927: Invalid unescaped character carriage-return, use "\r" instead. (invalid-character-carriage-return)
1:3967: Invalid unescaped character carriage-return, use "\r" instead. (invalid-character-carriage-return)
1:4007: Invalid unescaped character carriage-return, use "\r" instead. (invalid-character-carriage-return)
1:4049: Invalid unescaped character carriage-return, use "\r" instead. (invalid-character-carriage-return)
1:4111: Invalid unescaped character carriage-return, use "\r" instead. (invalid-character-carriage-return)
1:4151: Invalid unescaped character carriage-return, use "\r" instead. (invalid-character-carriage-return)
1:4153: Invalid unescaped character carriage-return, use "\r" instead. (invalid-character-carriage-return)
1:4154: Invalid unescaped character carriage-return, use "\r" instead. (invalid-character-carriage-return)
1:4155: Invalid unescaped character carriage-return, use "\r" instead. (invalid-character-carriage-return)
1:4195: Invalid unescaped character carriage-return, use "\r" instead. (invalid-character-carriage-return)
1:4247: Invalid unescaped character carriage-return, use "\r" instead. (invalid-character-carriage-return)
1:4273: Invalid unescaped character carriage-return, use "\r" instead. (invalid-character-carriage-return)
1:4304: Invalid unescaped character carriage-return, use "\r" instead. (invalid-character-carriage-return)
1:4347: Invalid unescaped character carriage-return, use "\r" instead. (invalid-character-carriage-return)
1:4392: Invalid unescaped character carriage-return, use "\r" instead. (invalid-character-carriage-return)
1:4420: Invalid unescaped character carriage-return, use "\r" instead. (invalid-character-carriage-return)
1:4460: Invalid unescaped character carriage-return, use "\r" instead. (invalid-character-carriage-return)
1:4507: Invalid unescaped character carriage-return, use "\r" instead. (invalid-character-carriage-return)
1:4563: Invalid unescaped character carriage-return, use "\r" instead. (invalid-character-carriage-return)
1:4598: Invalid unescaped character carriage-return, use "\r" instead. (invalid-character-carriage-return)
1:4614: Invalid unescaped character carriage-return, use "\r" instead. (invalid-character-carriage-return)
1:4652: Invalid unescaped character carriage-return, use "\r" instead. (invalid-character-carriage-return)
1:4729: Invalid unescaped character carriage-return, use "\r" instead. (invalid-character-carriage-return)
1:4791: Invalid unescaped character carriage-return, use "\r" instead. (invalid-character-carriage-return)
1:4846: Invalid unescaped character carriage-return, use "\r" instead. (invalid-character-carriage-return)
1:4888: Invalid unescaped character carriage-return, use "\r" instead. (invalid-character-carriage-return)
1:4959: Invalid unescaped character carriage-return, use "\r" instead. (invalid-character-carriage-return)
1:5060: Invalid unescaped character carriage-return, use "\r" instead. (invalid-character-carriage-return)
1:5117: Invalid unescaped character carriage-return, use "\r" instead. (invalid-character-carriage-return)
1:5159: Invalid unescaped character carriage-return, use "\r" instead. (invalid-character-carriage-return)
1:5255: Invalid unescaped character carriage-return, use "\r" instead. (invalid-character-carriage-return)
1:5256: Invalid unescaped character carriage-return, use "\r" instead. (invalid-character-carriage-return)
1:5257: Invalid unescaped character carriage-return, use "\r" instead. (invalid-character-carriage-return)
1:5292: Invalid unescaped character carriage-return, use "\r" instead. (invalid-character-carriage-return)
1:5371: Invalid unescaped character carriage-return, use "\r" instead. (invalid-character-carriage-return)
1:5479: Invalid unescaped character carriage-return, use "\r" instead. (invalid-character-carriage-return)
1:5541: Invalid unescaped character carriage-return, use "\r" instead. (invalid-character-carriage-return)
1:5574: Invalid unescaped character carriage-return, use "\r" instead. (invalid-character-carriage-return)
1:5608: Invalid unescaped character carriage-return, use "\r" instead. (invalid-character-carriage-return)
1:5609: Invalid unescaped character carriage-return, use "\r" instead. (invalid-character-carriage-return)
1:5610: Invalid unescaped character carriage-return, use "\r" instead. (invalid-character-carriage-return)
1:5622: Invalid unescaped character carriage-return, use "\r" instead. (invalid-character-carriage-return)
1:5649: Invalid unescaped character carriage-return, use "\r" instead. (invalid-character-carriage-return)
1:5760: Invalid unescaped character carriage-return, use "\r" instead. (invalid-character-carriage-return)
1:5823: Invalid unescaped character carriage-return, use "\r" instead. (invalid-character-carriage-return)
1:5858: Invalid unescaped character carriage-return, use "\r" instead. (invalid-character-carriage-return)
1:5877: Invalid unescaped character carriage-return, use "\r" instead. (invalid-character-carriage-return)
1:5878: Invalid unescaped character carriage-return, use "\r" instead. (invalid-character-carriage-return)
1:5905: Invalid unescaped character carriage-return, use "\r" instead. (invalid-character-carriage-return)
1:0: Final newline missing (missing-final-newline)
2:0: Final newline missing (missing-final-newline)
3:0: Final newline missing (missing-final-newline)
4:0: Final newline missing (missing-final-newline)
5:0: Final newline missing (missing-final-newline)
6:0: Final newline missing (missing-final-newline)
7:0: Final newline missing (missing-final-newline)
8:0: Final newline missing (missing-final-newline)
9:0: Final newline missing (missing-final-newline)
10:0: Final newline missing (missing-final-newline)
11:0: Final newline missing (missing-final-newline)
12:0: Final newline missing (missing-final-newline)
13:0: Final newline missing (missing-final-newline)
14:0: Final newline missing (missing-final-newline)
15:0: Final newline missing (missing-final-newline)
16:0: Final newline missing (missing-final-newline)
17:0: Final newline missing (missing-final-newline)
18:0: Final newline missing (missing-final-newline)
19:0: Final newline missing (missing-final-newline)
20:0: Final newline missing (missing-final-newline)
21:0: Final newline missing (missing-final-newline)
22:0: Final newline missing (missing-final-newline)
23:0: Final newline missing (missing-final-newline)
24:0: Final newline missing (missing-final-newline)
25:0: Final newline missing (missing-final-newline)
26:0: Final newline missing (missing-final-newline)
27:0: Final newline missing (missing-final-newline)
28:0: Final newline missing (missing-final-newline)
29:0: Final newline missing (missing-final-newline)
30:0: Final newline missing (missing-final-newline)
31:0: Final newline missing (missing-final-newline)
32:0: Final newline missing (missing-final-newline)
33:0: Final newline missing (missing-final-newline)
34:0: Final newline missing (missing-final-newline)
35:0: Final newline missing (missing-final-newline)
36:0: Final newline missing (missing-final-newline)
37:0: Final newline missing (missing-final-newline)
38:0: Final newline missing (missing-final-newline)
39:0: Final newline missing (missing-final-newline)
40:0: Final newline missing (missing-final-newline)
41:0: Final newline missing (missing-final-newline)
42:0: Final newline missing (missing-final-newline)
43:0: Final newline missing (missing-final-newline)
44:0: Final newline missing (missing-final-newline)
45:0: Final newline missing (missing-final-newline)
46:0: Final newline missing (missing-final-newline)
47:0: Final newline missing (missing-final-newline)
48:0: Final newline missing (missing-final-newline)
49:0: Final newline missing (missing-final-newline)
50:0: Final newline missing (missing-final-newline)
51:0: Final newline missing (missing-final-newline)
52:0: Final newline missing (missing-final-newline)
53:0: Final newline missing (missing-final-newline)
54:0: Final newline missing (missing-final-newline)
55:0: Final newline missing (missing-final-newline)
56:0: Final newline missing (missing-final-newline)
57:0: Final newline missing (missing-final-newline)
58:0: Final newline missing (missing-final-newline)
59:0: Final newline missing (missing-final-newline)
60:0: Final newline missing (missing-final-newline)
61:0: Final newline missing (missing-final-newline)
62:0: Final newline missing (missing-final-newline)
63:0: Final newline missing (missing-final-newline)
64:0: Final newline missing (missing-final-newline)
65:0: Final newline missing (missing-final-newline)
66:0: Final newline missing (missing-final-newline)
67:0: Final newline missing (missing-final-newline)
68:0: Final newline missing (missing-final-newline)
69:0: Final newline missing (missing-final-newline)
70:0: Final newline missing (missing-final-newline)
71:0: Final newline missing (missing-final-newline)
72:0: Final newline missing (missing-final-newline)
73:0: Final newline missing (missing-final-newline)
74:0: Final newline missing (missing-final-newline)
75:0: Final newline missing (missing-final-newline)
76:0: Final newline missing (missing-final-newline)
77:0: Final newline missing (missing-final-newline)
78:0: Final newline missing (missing-final-newline)
79:0: Final newline missing (missing-final-newline)
80:0: Final newline missing (missing-final-newline)
81:0: Final newline missing (missing-final-newline)
82:0: Final newline missing (missing-final-newline)
83:0: Final newline missing (missing-final-newline)
84:0: Final newline missing (missing-final-newline)
85:0: Final newline missing (missing-final-newline)
86:0: Final newline missing (missing-final-newline)
87:0: Final newline missing (missing-final-newline)
88:0: Final newline missing (missing-final-newline)
89:0: Final newline missing (missing-final-newline)
90:0: Final newline missing (missing-final-newline)
91:0: Final newline missing (missing-final-newline)
92:0: Final newline missing (missing-final-newline)
93:0: Final newline missing (missing-final-newline)
94:0: Final newline missing (missing-final-newline)
95:0: Final newline missing (missing-final-newline)
96:0: Final newline missing (missing-final-newline)
97:0: Final newline missing (missing-final-newline)
98:0: Final newline missing (missing-final-newline)
99:0: Final newline missing (missing-final-newline)
100:0: Final newline missing (missing-final-newline)
101:0: Final newline missing (missing-final-newline)
102:0: Final newline missing (missing-final-newline)
103:0: Final newline missing (missing-final-newline)
104:0: Final newline missing (missing-final-newline)
105:0: Final newline missing (missing-final-newline)
106:0: Final newline missing (missing-final-newline)
107:0: Final newline missing (missing-final-newline)
108:0: Final newline missing (missing-final-newline)
109:0: Final newline missing (missing-final-newline)
110:0: Final newline missing (missing-final-newline)
111:0: Final newline missing (missing-final-newline)
112:0: Final newline missing (missing-final-newline)
113:0: Final newline missing (missing-final-newline)
114:0: Final newline missing (missing-final-newline)
115:0: Final newline missing (missing-final-newline)
116:0: Final newline missing (missing-final-newline)
117:0: Final newline missing (missing-final-newline)
118:0: Final newline missing (missing-final-newline)
119:0: Final newline missing (missing-final-newline)
120:0: Final newline missing (missing-final-newline)
121:0: Final newline missing (missing-final-newline)
122:0: Final newline missing (missing-final-newline)
123:0: Final newline missing (missing-final-newline)
124:0: Final newline missing (missing-final-newline)
125:0: Final newline missing (missing-final-newline)
126:0: Final newline missing (missing-final-newline)
127:0: Final newline missing (missing-final-newline)
128:0: Final newline missing (missing-final-newline)
129:0: Final newline missing (missing-final-newline)
130:0: Final newline missing (missing-final-newline)
131:0: Final newline missing (missing-final-newline)
132:0: Final newline missing (missing-final-newline)
133:0: Final newline missing (missing-final-newline)
134:0: Final newline missing (missing-final-newline)
135:0: Final newline missing (missing-final-newline)
136:0: Final newline missing (missing-final-newline)
137:0: Final newline missing (missing-final-newline)
138:0: Final newline missing (missing-final-newline)
139:0: Final newline missing (missing-final-newline)
140:0: Final newline missing (missing-final-newline)
141:0: Final newline missing (missing-final-newline)
142:0: Final newline missing (missing-final-newline)
143:0: Final newline missing (missing-final-newline)
144:0: Final newline missing (missing-final-newline)
145:0: Final newline missing (missing-final-newline)
146:0: Final newline missing (missing-final-newline)
147:0: Final newline missing (missing-final-newline)
148:0: Final newline missing (missing-final-newline)
149:0: Final newline missing (missing-final-newline)
5:0: Line too long (122/100) (line-too-long)
81:0: Line too long (151/100) (line-too-long)
84:0: Line too long (110/100) (line-too-long)
135:0: Line too long (107/100) (line-too-long)
143:0: Line too long (110/100) (line-too-long)
1:0: Missing module docstring (missing-module-docstring)
1:0: Module name "test-problem" doesn't conform to snake_case naming style (invalid-name)
1:0: Unable to import 'cv2' (import-error)
5:0: Constant name "xml_file" doesn't conform to UPPER_CASE naming style (invalid-name)
10:0: Missing function or method docstring (missing-function-docstring)
18:0: Missing function or method docstring (missing-function-docstring)
26:0: Missing function or method docstring (missing-function-docstring)
36:0: Missing function or method docstring (missing-function-docstring)
44:0: Missing function or method docstring (missing-function-docstring)
45:4: Variable name "X_left" doesn't conform to snake_case naming style (invalid-name)
46:4: Variable name "Y_top" doesn't conform to snake_case naming style (invalid-name)
47:4: Variable name "X_right" doesn't conform to snake_case naming style (invalid-name)
48:4: Variable name "Y_bottom" doesn't conform to snake_case naming style (invalid-name)
52:0: Missing function or method docstring (missing-function-docstring)
57:0: Missing function or method docstring (missing-function-docstring)
65:0: Missing function or method docstring (missing-function-docstring)
78:0: Missing function or method docstring (missing-function-docstring)
110:0: Missing function or method docstring (missing-function-docstring)
110:31: Unused argument 'manual_annotations' (unused-argument)
116:0: Missing function or method docstring (missing-function-docstring)
120:8: Consider using 'sys.exit' instead (consider-using-sys-exit)
134:0: Missing function or method docstring (missing-function-docstring)
141:0: Missing function or method docstring (missing-function-docstring)
143:20: Unused variable 'manual_coordinates_list' (unused-variable)
143:45: Unused variable 'auto_coordinates_list' (unused-variable)
2:0: standard import "sys" should be placed before third party import "cv2" (wrong-import-order)

------------------------------------------------------------------
Your code has been rated at 0.00/10 (previous run: 0.00/10, +0.00)


=====

check_types:
test\test-problem.py:1: error: Cannot find implementation or library stub for module named "cv2"  [import-not-found]
test\test-problem.py:1: note: See https://mypy.readthedocs.io/en/stable/running_mypy.html#missing-imports
Found 1 error in 1 file (checked 1 source file)

=====
------------------------
File: D:\Daily use software\快捷栏位置\桌面\Code-defect-detection-Style-determination\test\test-real.py

check_compatibility:
D:\Daily use software\快捷栏位置\桌面\Code-defect-detection-Style-determination\test\test-real.py:32:1: E302 expected 2 blank lines, found 1
D:\Daily use software\快捷栏位置\桌面\Code-defect-detection-Style-determination\test\test-real.py:38:35: E226 missing whitespace around arithmetic operator
D:\Daily use software\快捷栏位置\桌面\Code-defect-detection-Style-determination\test\test-real.py:38:65: E226 missing whitespace around arithmetic operator
D:\Daily use software\快捷栏位置\桌面\Code-defect-detection-Style-determination\test\test-real.py:46:35: E226 missing whitespace around arithmetic operator
D:\Daily use software\快捷栏位置\桌面\Code-defect-detection-Style-determination\test\test-real.py:46:65: E226 missing whitespace around arithmetic operator
D:\Daily use software\快捷栏位置\桌面\Code-defect-detection-Style-determination\test\test-real.py:57:1: E302 expected 2 blank lines, found 1
D:\Daily use software\快捷栏位置\桌面\Code-defect-detection-Style-determination\test\test-real.py:76:1: E302 expected 2 blank lines, found 1
D:\Daily use software\快捷栏位置\桌面\Code-defect-detection-Style-determination\test\test-real.py:94:39: E221 multiple spaces before operator
D:\Daily use software\快捷栏位置\桌面\Code-defect-detection-Style-determination\test\test-real.py:113:35: E226 missing whitespace around arithmetic operator
D:\Daily use software\快捷栏位置\桌面\Code-defect-detection-Style-determination\test\test-real.py:113:65: E226 missing whitespace around arithmetic operator
D:\Daily use software\快捷栏位置\桌面\Code-defect-detection-Style-determination\test\test-real.py:119:35: E226 missing whitespace around arithmetic operator
D:\Daily use software\快捷栏位置\桌面\Code-defect-detection-Style-determination\test\test-real.py:119:65: E226 missing whitespace around arithmetic operator
D:\Daily use software\快捷栏位置\桌面\Code-defect-detection-Style-determination\test\test-real.py:141:11: W292 no newline at end of file
=====

check_logic:
D:\Daily use software\快捷栏位置\桌面\Code-defect-detection-Style-determination\test\test-real.py:32:1: E302 expected 2 blank lines, found 1
D:\Daily use software\快捷栏位置\桌面\Code-defect-detection-Style-determination\test\test-real.py:38:35: E226 missing whitespace around arithmetic operator
D:\Daily use software\快捷栏位置\桌面\Code-defect-detection-Style-determination\test\test-real.py:38:65: E226 missing whitespace around arithmetic operator
D:\Daily use software\快捷栏位置\桌面\Code-defect-detection-Style-determination\test\test-real.py:46:35: E226 missing whitespace around arithmetic operator
D:\Daily use software\快捷栏位置\桌面\Code-defect-detection-Style-determination\test\test-real.py:46:65: E226 missing whitespace around arithmetic operator
D:\Daily use software\快捷栏位置\桌面\Code-defect-detection-Style-determination\test\test-real.py:57:1: E302 expected 2 blank lines, found 1
D:\Daily use software\快捷栏位置\桌面\Code-defect-detection-Style-determination\test\test-real.py:76:1: E302 expected 2 blank lines, found 1
D:\Daily use software\快捷栏位置\桌面\Code-defect-detection-Style-determination\test\test-real.py:94:39: E221 multiple spaces before operator
D:\Daily use software\快捷栏位置\桌面\Code-defect-detection-Style-determination\test\test-real.py:113:35: E226 missing whitespace around arithmetic operator
D:\Daily use software\快捷栏位置\桌面\Code-defect-detection-Style-determination\test\test-real.py:113:65: E226 missing whitespace around arithmetic operator
D:\Daily use software\快捷栏位置\桌面\Code-defect-detection-Style-determination\test\test-real.py:119:35: E226 missing whitespace around arithmetic operator
D:\Daily use software\快捷栏位置\桌面\Code-defect-detection-Style-determination\test\test-real.py:119:65: E226 missing whitespace around arithmetic operator
D:\Daily use software\快捷栏位置\桌面\Code-defect-detection-Style-determination\test\test-real.py:141:11: W292 no newline at end of file

=====

check_security_issues:
Bandit analysis output:
Run started:2024-04-17 12:46:17.298635

Test results:
	No issues identified.

Code scanned:
	Total lines of code: 99
	Total lines skipped (#nosec): 0
	Total potential issues skipped due to specifically being disabled (e.g., #nosec BXXX): 0

Run metrics:
	Total issues (by severity):
		Undefined: 0
		Low: 0
		Medium: 0
		High: 0
	Total issues (by confidence):
		Undefined: 0
		Low: 0
		Medium: 0
		High: 0
Files skipped (0):

=====

check_python_syntax:
************* Module  --output-format=text
 --output-format=text:1:0: F0001: No module named  --output-format=text (fatal)
************* Module  --reports=no
 --reports=no:1:0: F0001: No module named  --reports=no (fatal)
************* Module  --score=no 
 --score=no :1:0: F0001: No module named  --score=no  (fatal)
************* Module test-real
test\test-real.py:66:0: C0301: Line too long (108/100) (line-too-long)
test\test-real.py:93:0: C0301: Line too long (105/100) (line-too-long)
test\test-real.py:125:0: C0301: Line too long (114/100) (line-too-long)
test\test-real.py:129:0: C0301: Line too long (118/100) (line-too-long)
test\test-real.py:141:0: C0304: Final newline missing (missing-final-newline)
test\test-real.py:1:0: C0114: Missing module docstring (missing-module-docstring)
test\test-real.py:1:0: C0103: Module name "test-real" doesn't conform to snake_case naming style (invalid-name)
test\test-real.py:1:0: E0401: Unable to import 'cv2' (import-error)
test\test-real.py:3:0: E0401: Unable to import 'numpy' (import-error)
test\test-real.py:5:0: E0401: Unable to import 'my_lib' (import-error)
test\test-real.py:29:0: C0103: Constant name "cascade_name" doesn't conform to UPPER_CASE naming style (invalid-name)
test\test-real.py:32:0: C0116: Missing function or method docstring (missing-function-docstring)
test\test-real.py:32:0: C0103: Function name "detectAndDisplay" doesn't conform to snake_case naming style (invalid-name)
test\test-real.py:33:4: C0103: Variable name "dart_counter_VJ_HT" doesn't conform to snake_case naming style (invalid-name)
test\test-real.py:40:16: C0103: Variable name "dart_counter_VJ_HT" doesn't conform to snake_case naming style (invalid-name)
test\test-real.py:49:16: C0103: Variable name "dart_counter_VJ_HT" doesn't conform to snake_case naming style (invalid-name)
test\test-real.py:57:0: C0116: Missing function or method docstring (missing-function-docstring)
test\test-real.py:69:9: W0612: Unused variable 'x' (unused-variable)
test\test-real.py:69:12: W0612: Unused variable 'y' (unused-variable)
test\test-real.py:76:0: C0116: Missing function or method docstring (missing-function-docstring)
test\test-real.py:76:0: R0914: Too many local variables (24/15) (too-many-locals)
test\test-real.py:89:8: R1722: Consider using 'sys.exit' instead (consider-using-sys-exit)
test\test-real.py:96:11: C0103: Variable name "counter_VJ_HT" doesn't conform to snake_case naming style (invalid-name)
test\test-real.py:2:0: C0411: standard import "sys" should be placed before third party import "cv2" (wrong-import-order)

------------------------------------------------------------------
Your code has been rated at 0.00/10 (previous run: 5.50/10, -5.50)


=====

check_style:
************* Module test-real
66:0: Line too long (108/100) (line-too-long)
93:0: Line too long (105/100) (line-too-long)
125:0: Line too long (114/100) (line-too-long)
129:0: Line too long (118/100) (line-too-long)
141:0: Final newline missing (missing-final-newline)
1:0: Missing module docstring (missing-module-docstring)
1:0: Module name "test-real" doesn't conform to snake_case naming style (invalid-name)
1:0: Unable to import 'cv2' (import-error)
3:0: Unable to import 'numpy' (import-error)
5:0: Unable to import 'my_lib' (import-error)
29:0: Constant name "cascade_name" doesn't conform to UPPER_CASE naming style (invalid-name)
32:0: Missing function or method docstring (missing-function-docstring)
32:0: Function name "detectAndDisplay" doesn't conform to snake_case naming style (invalid-name)
33:4: Variable name "dart_counter_VJ_HT" doesn't conform to snake_case naming style (invalid-name)
40:16: Variable name "dart_counter_VJ_HT" doesn't conform to snake_case naming style (invalid-name)
49:16: Variable name "dart_counter_VJ_HT" doesn't conform to snake_case naming style (invalid-name)
57:0: Missing function or method docstring (missing-function-docstring)
69:9: Unused variable 'x' (unused-variable)
69:12: Unused variable 'y' (unused-variable)
76:0: Missing function or method docstring (missing-function-docstring)
76:0: Too many local variables (24/15) (too-many-locals)
89:8: Consider using 'sys.exit' instead (consider-using-sys-exit)
96:11: Variable name "counter_VJ_HT" doesn't conform to snake_case naming style (invalid-name)
2:0: standard import "sys" should be placed before third party import "cv2" (wrong-import-order)

------------------------------------------------------------------
Your code has been rated at 5.50/10 (previous run: 0.00/10, +5.50)


=====

check_types:
test\test-real.py:1: error: Cannot find implementation or library stub for module named "cv2"  [import-not-found]
test\test-real.py:1: note: See https://mypy.readthedocs.io/en/stable/running_mypy.html#missing-imports
test\test-real.py:3: error: Cannot find implementation or library stub for module named "numpy"  [import-not-found]
test\test-real.py:5: error: Cannot find implementation or library stub for module named "my_lib"  [import-not-found]
Found 3 errors in 1 file (checked 1 source file)

=====
------------------------
